This file contains any messages produced by compilers while
running configure, to aid debugging if configure makes a mistake.

It was created by check_mssql_health configure 1.5.8.2, which was
generated by GNU Autoconf 2.59.  Invocation command line was

  $ ./configure 

## --------- ##
## Platform. ##
## --------- ##

hostname = darkstar
uname -m = x86_64
uname -r = 2.6.38-8-generic
uname -s = Linux
uname -v = #42-Ubuntu SMP Mon Apr 11 03:31:24 UTC 2011

/usr/bin/uname -p = unknown
/bin/uname -X     = unknown

/bin/arch              = unknown
/usr/bin/arch -k       = unknown
/usr/convex/getsysinfo = unknown
hostinfo               = unknown
/bin/machine           = unknown
/usr/bin/oslevel       = unknown
/bin/universe          = unknown

PATH: /usr/local/sbin
PATH: /usr/local/bin
PATH: /usr/sbin
PATH: /usr/bin
PATH: /sbin
PATH: /bin
PATH: /usr/games


## ----------- ##
## Core tests. ##
## ----------- ##

configure:1289: checking for a BSD-compatible install
configure:1344: result: /usr/bin/install -c
configure:1355: checking whether build environment is sane
configure:1398: result: yes
configure:1463: checking for gawk
configure:1479: found /usr/bin/gawk
configure:1489: result: gawk
configure:1499: checking whether make sets $(MAKE)
configure:1519: result: yes
configure:1682: checking how to create a pax tar archive
configure:1695: tar --version
tar (GNU tar) 1.25
Copyright (C) 2010 Free Software Foundation, Inc.
License GPLv3+: GNU GPL version 3 or later <http://gnu.org/licenses/gpl.html>.
This is free software: you are free to change and redistribute it.
There is NO WARRANTY, to the extent permitted by law.

Written by John Gilmore and Jay Fenlason.
configure:1698: $? = 0
configure:1738: tardir=conftest.dir && eval tar --format=posix -chf - "$tardir" >conftest.tar
configure:1741: $? = 0
configure:1745: tar -xf - <conftest.tar
configure:1748: $? = 0
configure:1761: result: gnutar
configure:1774: checking build system type
configure:1792: result: x86_64-unknown-linux-gnu
configure:1800: checking host system type
configure:1814: result: x86_64-unknown-linux-gnu
configure:1841: checking for a BSD-compatible install
configure:1896: result: /usr/bin/install -c
configure:1910: checking whether make sets $(MAKE)
configure:1930: result: yes
configure:2007: checking for sh
configure:2025: found /bin/sh
configure:2037: result: /bin/sh
configure:2046: checking for perl
configure:2064: found /usr/bin/perl
configure:2076: result: /usr/bin/perl
configure:2085: checking for gzip
configure:2103: found /bin/gzip
configure:2115: result: /bin/gzip
configure:2126: checking for gawk
configure:2144: found /usr/bin/gawk
configure:2156: result: /usr/bin/gawk
configure:2168: checking for grep
configure:2186: found /bin/grep
configure:2198: result: /bin/grep
configure:2207: checking for echo
configure:2225: found /bin/echo
configure:2237: result: /bin/echo
configure:2246: checking for sed
configure:2264: found /bin/sed
configure:2276: result: /bin/sed
configure:2285: checking for cat
configure:2303: found /bin/cat
configure:2315: result: /bin/cat
configure:2461: creating ./config.status

## ---------------------- ##
## Running config.status. ##
## ---------------------- ##

This file was extended by check_mssql_health config.status 1.5.8.2, which was
generated by GNU Autoconf 2.59.  Invocation command line was

  CONFIG_FILES    = 
  CONFIG_HEADERS  = 
  CONFIG_LINKS    = 
  CONFIG_COMMANDS = 
  $ ./config.status 

on darkstar

config.status:679: creating Makefile
config.status:679: creating plugins-scripts/Makefile
config.status:679: creating plugins-scripts/subst
config.status:679: creating t/Makefile

## ---------------- ##
## Cache variables. ##
## ---------------- ##

ac_cv_build=x86_64-unknown-linux-gnu
ac_cv_build_alias=x86_64-unknown-linux-gnu
ac_cv_env_build_alias_set=
ac_cv_env_build_alias_value=
ac_cv_env_host_alias_set=
ac_cv_env_host_alias_value=
ac_cv_env_target_alias_set=
ac_cv_env_target_alias_value=
ac_cv_host=x86_64-unknown-linux-gnu
ac_cv_host_alias=x86_64-unknown-linux-gnu
ac_cv_path_AWK=/usr/bin/gawk
ac_cv_path_CAT=/bin/cat
ac_cv_path_ECHO=/bin/echo
ac_cv_path_GREP=/bin/grep
ac_cv_path_GZIP=/bin/gzip
ac_cv_path_PERL=/usr/bin/perl
ac_cv_path_SED=/bin/sed
ac_cv_path_SH=/bin/sh
ac_cv_path_install='/usr/bin/install -c'
ac_cv_prog_AWK=gawk
ac_cv_prog_make_make_set=yes
am_cv_prog_tar_pax=gnutar

## ----------------- ##
## Output variables. ##
## ----------------- ##

ACLOCAL='${SHELL} /home/palli/projects/okconfig/nagios-plugins/check_mssql_health/src/check_mssql_health-1.5.8.2/missing --run aclocal-1.9'
AMTAR='${SHELL} /home/palli/projects/okconfig/nagios-plugins/check_mssql_health/src/check_mssql_health-1.5.8.2/missing --run tar'
AUTOCONF='${SHELL} /home/palli/projects/okconfig/nagios-plugins/check_mssql_health/src/check_mssql_health-1.5.8.2/missing --run autoconf'
AUTOHEADER='${SHELL} /home/palli/projects/okconfig/nagios-plugins/check_mssql_health/src/check_mssql_health-1.5.8.2/missing --run autoheader'
AUTOMAKE='${SHELL} /home/palli/projects/okconfig/nagios-plugins/check_mssql_health/src/check_mssql_health-1.5.8.2/missing --run automake-1.9'
AWK='/usr/bin/gawk'
CAT='/bin/cat'
CYGPATH_W='echo'
DEFS='-DPACKAGE_NAME=\"check_mssql_health\" -DPACKAGE_TARNAME=\"check_mssql_health\" -DPACKAGE_VERSION=\"1.5.8.2\" -DPACKAGE_STRING=\"check_mssql_health\ 1.5.8.2\" -DPACKAGE_BUGREPORT=\"\" -DPACKAGE=\"check_mssql_health\" -DVERSION=\"1.5.8.2\" '
ECHO='/bin/echo'
ECHO_C=''
ECHO_N='-n'
ECHO_T=''
GREP='/bin/grep'
GZIP='/bin/gzip'
INSTALL='/usr/bin/install -c'
INSTALL_DATA='${INSTALL} -m 644'
INSTALL_OPTS='-o nagios -g nagios'
INSTALL_PROGRAM='${INSTALL}'
INSTALL_SCRIPT='${INSTALL}'
INSTALL_STRIP_PROGRAM='${SHELL} $(install_sh) -c -s'
LIBOBJS=''
LIBS=''
LTLIBOBJS=''
MAKEINFO='${SHELL} /home/palli/projects/okconfig/nagios-plugins/check_mssql_health/src/check_mssql_health-1.5.8.2/missing --run makeinfo'
MYMODULES_DIR='/usr/local/nagios/libexec'
MYMODULES_DYN_DIR='/usr/local/nagios/libexec'
PACKAGE='check_mssql_health'
PACKAGE_BUGREPORT=''
PACKAGE_NAME='check_mssql_health'
PACKAGE_STRING='check_mssql_health 1.5.8.2'
PACKAGE_TARNAME='check_mssql_health'
PACKAGE_VERSION='1.5.8.2'
PATH_SEPARATOR=':'
PERL='/usr/bin/perl'
RELEASE='1'
SED='/bin/sed'
SET_MAKE=''
SH='/bin/sh'
SHELL='/bin/bash'
STATEFILES_DIR='/var/tmp/check_mssql_health'
STRIP=''
SUPPORT='Send email to gerhard.lausser@consol.de if you have questions\nregarding use of this software.\nPlease include version information with all correspondence (when possible,\nuse output from the --version option of the plugin itself).\n'
VERSION='1.5.8.2'
WARRANTY='This plugin comes with ABSOLUTELY NO WARRANTY. You may redistribute\ncopies of the plugin under the terms of the GNU General Public License.\nFor more information about these matters, see the file named COPYING.\n'
ac_ct_STRIP=''
am__leading_dot='.'
am__tar='tar --format=posix -chf - "$$tardir"'
am__untar='tar -xf -'
bindir='${exec_prefix}/bin'
build='x86_64-unknown-linux-gnu'
build_alias=''
build_cpu='x86_64'
build_os='linux-gnu'
build_vendor='unknown'
datadir='${prefix}/share'
exec_prefix='${prefix}'
host='x86_64-unknown-linux-gnu'
host_alias=''
host_cpu='x86_64'
host_os='linux-gnu'
host_vendor='unknown'
includedir='${prefix}/include'
infodir='${prefix}/info'
install_sh='/home/palli/projects/okconfig/nagios-plugins/check_mssql_health/src/check_mssql_health-1.5.8.2/install-sh'
libdir='${exec_prefix}/lib'
libexecdir='${exec_prefix}/libexec'
localstatedir='${prefix}/var'
mandir='${prefix}/man'
mkdir_p='mkdir -p --'
oldincludedir='/usr/include'
prefix='/usr/local/nagios'
program_transform_name='s,x,x,'
sbindir='${exec_prefix}/sbin'
sharedstatedir='${prefix}/com'
sysconfdir='${prefix}/etc'
target_alias=''
with_nagios_group='nagios'
with_nagios_user='nagios'

## ----------- ##
## confdefs.h. ##
## ----------- ##

#define PACKAGE "check_mssql_health"
#define PACKAGE_BUGREPORT ""
#define PACKAGE_NAME "check_mssql_health"
#define PACKAGE_STRING "check_mssql_health 1.5.8.2"
#define PACKAGE_TARNAME "check_mssql_health"
#define PACKAGE_VERSION "1.5.8.2"
#define VERSION "1.5.8.2"

configure: exit 0
